[01;34mdocs[00m
├── [01;34mapi[00m
│   ├── cli.rst
│   ├── coleccion.rst
│   ├── excepciones.rst
│   ├── cargador.rst
│   ├── [01;34mparser[00m
│   │   ├── argumento.rst
│   │   ├── contexto.rst
│   │   └── analizador.rst
│   ├── analizador.rst
│   ├── corredor.rst
│   ├── artefactos.rst
│   └── util.rst
├── api.rst
├── [01;34mconcepts[00m
│   ├── [01;34mcli[00m
│   │   ├── background.rst
│   │   ├── execution.rst
│   │   ├── intro.rst
│   │   └── type_mapping.rst
│   ├── cli.rst
│   ├── execution.rst
│   ├── loading.rst
│   └── hangar.rst
├── concepts.rst
├── conf.py
├── contributing.rst
├── indice.rst
└── prior_art.rst

4 directories, 25 files
